<?xml version="1.0" encoding="UTF-8"?>
<testng-results skipped="0" failed="0" total="7" passed="7">
  <reporter-output>
  </reporter-output>
  <suite name="Default suite" duration-ms="171" started-at="2016-03-16T10:43:30Z" finished-at="2016-03-16T10:43:30Z">
    <groups>
    </groups>
    <test name="Default test" duration-ms="171" started-at="2016-03-16T10:43:30Z" finished-at="2016-03-16T10:43:30Z">
      <class name="fizzBuzzDiff.AppTests">
        <test-method status="PASS" signature="fifteenDividesBy3And5()[pri:0, instance:fizzBuzzDiff.AppTests@1117f44]" name="fifteenDividesBy3And5" duration-ms="24" started-at="2016-03-16T11:43:30Z" finished-at="2016-03-16T11:43:30Z">
          <reporter-output>
          </reporter-output>
        </test-method> <!-- fifteenDividesBy3And5 -->
        <test-method status="PASS" signature="fiveDividesBy5()[pri:0, instance:fizzBuzzDiff.AppTests@1117f44]" name="fiveDividesBy5" duration-ms="88" started-at="2016-03-16T11:43:30Z" finished-at="2016-03-16T11:43:30Z">
          <reporter-output>
          </reporter-output>
        </test-method> <!-- fiveDividesBy5 -->
        <test-method status="PASS" signature="fiveDoesntDivBy3()[pri:0, instance:fizzBuzzDiff.AppTests@1117f44]" name="fiveDoesntDivBy3" duration-ms="0" started-at="2016-03-16T11:43:30Z" finished-at="2016-03-16T11:43:30Z">
          <reporter-output>
          </reporter-output>
        </test-method> <!-- fiveDoesntDivBy3 -->
        <test-method status="PASS" signature="testIf17GivesNothing()[pri:0, instance:fizzBuzzDiff.AppTests@1117f44]" name="testIf17GivesNothing" duration-ms="3" started-at="2016-03-16T11:43:30Z" finished-at="2016-03-16T11:43:30Z">
          <reporter-output>
          </reporter-output>
        </test-method> <!-- testIf17GivesNothing -->
        <test-method status="PASS" signature="testIfForFifteenGivesFizzBuzz()[pri:0, instance:fizzBuzzDiff.AppTests@1117f44]" name="testIfForFifteenGivesFizzBuzz" duration-ms="0" started-at="2016-03-16T11:43:30Z" finished-at="2016-03-16T11:43:30Z">
          <reporter-output>
          </reporter-output>
        </test-method> <!-- testIfForFifteenGivesFizzBuzz -->
        <test-method status="PASS" signature="testIfForFiveGivesBuzz()[pri:0, instance:fizzBuzzDiff.AppTests@1117f44]" name="testIfForFiveGivesBuzz" duration-ms="2" started-at="2016-03-16T11:43:30Z" finished-at="2016-03-16T11:43:30Z">
          <reporter-output>
          </reporter-output>
        </test-method> <!-- testIfForFiveGivesBuzz -->
        <test-method status="PASS" signature="testIfForThreeGivesFizz()[pri:0, instance:fizzBuzzDiff.AppTests@1117f44]" name="testIfForThreeGivesFizz" duration-ms="0" started-at="2016-03-16T11:43:30Z" finished-at="2016-03-16T11:43:30Z">
          <reporter-output>
          </reporter-output>
        </test-method> <!-- testIfForThreeGivesFizz -->
      </class> <!-- fizzBuzzDiff.AppTests -->
    </test> <!-- Default test -->
  </suite> <!-- Default suite -->
</testng-results>
