<?xml version="1.0" encoding="UTF-8"?>
<testng-results skipped="0" failed="0" total="2" passed="2">
  <reporter-output>
  </reporter-output>
  <suite name="Default suite" duration-ms="178" started-at="2016-03-16T10:09:49Z" finished-at="2016-03-16T10:09:49Z">
    <groups>
    </groups>
    <test name="Default test" duration-ms="178" started-at="2016-03-16T10:09:49Z" finished-at="2016-03-16T10:09:49Z">
      <class name="fizzBuzzDiff.AppTests">
        <test-method status="PASS" signature="fiveDividesBy5()[pri:0, instance:fizzBuzzDiff.AppTests@1117f44]" name="fiveDividesBy5" duration-ms="145" started-at="2016-03-16T11:09:49Z" finished-at="2016-03-16T11:09:49Z">
          <reporter-output>
          </reporter-output>
        </test-method> <!-- fiveDividesBy5 -->
        <test-method status="PASS" signature="fiveDoesntDivBy3()[pri:0, instance:fizzBuzzDiff.AppTests@1117f44]" name="fiveDoesntDivBy3" duration-ms="0" started-at="2016-03-16T11:09:49Z" finished-at="2016-03-16T11:09:49Z">
          <reporter-output>
          </reporter-output>
        </test-method> <!-- fiveDoesntDivBy3 -->
      </class> <!-- fizzBuzzDiff.AppTests -->
    </test> <!-- Default test -->
  </suite> <!-- Default suite -->
</testng-results>
