<?xml version="1.0" encoding="UTF-8"?>
<!-- Generated by org.testng.reporters.JUnitXMLReporter -->
<testsuite hostname="aga-VirtualBox" name="Default test" tests="7" failures="0" timestamp="16 Mar 2016 10:43:31 GMT" time="0.171" errors="0">
  <testcase name="fifteenDividesBy3And5" time="0.024" classname="fizzBuzzDiff.AppTests"/>
  <testcase name="fiveDividesBy5" time="0.088" classname="fizzBuzzDiff.AppTests"/>
  <testcase name="fiveDoesntDivBy3" time="0.0" classname="fizzBuzzDiff.AppTests"/>
  <testcase name="testIf17GivesNothing" time="0.003" classname="fizzBuzzDiff.AppTests"/>
  <testcase name="testIfForFifteenGivesFizzBuzz" time="0.0" classname="fizzBuzzDiff.AppTests"/>
  <testcase name="testIfForFiveGivesBuzz" time="0.002" classname="fizzBuzzDiff.AppTests"/>
  <testcase name="testIfForThreeGivesFizz" time="0.0" classname="fizzBuzzDiff.AppTests"/>
</testsuite> <!-- Default test -->
